2025-09-28 21:33:30.866 [INIT] === Traffic Sign Recognition Application Logger Initialized ===
2025-09-28 21:33:30.869 [INFO] === Traffic Sign Recognition Application Starting === [Component: main]
2025-09-28 21:33:30.870 [INFO] Creating tensors with shape: [4, 3, 512, 512] [Component: main]
2025-09-28 21:33:30.888 [INFO] TENSOR [CPU] CREATE - Shape: [4, 3, 512, 512] - SUCCESS
2025-09-28 21:33:30.889 [MEMORY] MEMORY [CPU] ALLOC: 25165824 bytes - Purpose: Tensor data and gradients
2025-09-28 21:33:30.890 [INFO] Created CPU input tensor [Component: main]
2025-09-28 21:33:30.894 [INFO] TENSOR [CPU] FILL - Shape: [4, 3, 512, 512] - SUCCESS
2025-09-28 21:33:30.895 [INFO] TENSOR [CPU] CREATE - Shape: [3] - SUCCESS
2025-09-28 21:33:30.897 [MEMORY] MEMORY [CPU] ALLOC: 24 bytes - Purpose: Tensor data and gradients
2025-09-28 21:33:30.897 [INFO] Created bias tensor with values [2, 3, 4] [Component: main]
2025-09-28 21:33:30.938 [INFO] TENSOR [CPU] ADD_BIAS - Shape: [4, 3, 512, 512] - SUCCESS
2025-09-28 21:33:30.940 [PERFORMANCE] PERF [CPU] CPU Bias Addition: 40541 μs (4x3x512x512 tensor with 3-channel bias)
2025-09-28 21:33:30.941 [INFO] === Traffic Sign Recognition Application Completed Successfully === [Component: main]
2025-09-28 21:33:30.941 [SHUTDOWN] === Traffic Sign Recognition Application Logger Closing ===
2025-09-28 21:37:30.871 [INIT] === Traffic Sign Recognition Application Logger Initialized ===
2025-09-28 21:37:30.875 [INFO] === Traffic Sign Recognition Application Starting === [Component: main]
2025-09-28 21:37:30.876 [INFO] Creating tensors with shape: [4, 3, 512, 512] [Component: main]
2025-09-28 21:37:30.893 [INFO] TENSOR [CPU] CREATE - Shape: [4, 3, 512, 512] - SUCCESS
2025-09-28 21:37:30.895 [MEMORY] MEMORY [CPU] ALLOC: 25165824 bytes - Purpose: Tensor data and gradients
2025-09-28 21:37:30.896 [INFO] Created CPU input tensor [Component: main]
2025-09-28 21:37:30.901 [INFO] TENSOR [CPU] FILL - Shape: [4, 3, 512, 512] - SUCCESS
2025-09-28 21:37:30.902 [INFO] TENSOR [CPU] CREATE - Shape: [3] - SUCCESS
2025-09-28 21:37:30.903 [MEMORY] MEMORY [CPU] ALLOC: 24 bytes - Purpose: Tensor data and gradients
2025-09-28 21:37:30.904 [INFO] Created bias tensor with values [2, 3, 4] [Component: main]
2025-09-28 21:37:30.945 [INFO] TENSOR [CPU] ADD_BIAS - Shape: [4, 3, 512, 512] - SUCCESS
2025-09-28 21:37:30.947 [PERFORMANCE] PERF [CPU] CPU Bias Addition: 41532 μs (4x3x512x512 tensor with 3-channel bias)
2025-09-28 21:37:30.948 [INFO] === Traffic Sign Recognition Application Completed Successfully === [Component: main]
2025-09-28 21:37:30.949 [SHUTDOWN] === Traffic Sign Recognition Application Logger Closing ===
2025-09-28 21:39:32.357 [INIT] === Traffic Sign Recognition Application Logger Initialized ===
2025-09-28 21:39:32.361 [INFO] === Traffic Sign Recognition Application Starting === [Component: main]
2025-09-28 21:39:32.363 [INFO] Creating tensors with shape: [4, 3, 512, 512] [Component: main]
2025-09-28 21:39:32.381 [INFO] TENSOR [CPU] CREATE - Shape: [4, 3, 512, 512] - SUCCESS
2025-09-28 21:39:32.383 [MEMORY] MEMORY [CPU] ALLOC: 25165824 bytes - Purpose: Tensor data and gradients
2025-09-28 21:39:32.385 [INFO] Created CPU input tensor [Component: main]
2025-09-28 21:39:32.392 [INFO] TENSOR [CPU] FILL - Shape: [4, 3, 512, 512] - SUCCESS
2025-09-28 21:39:32.394 [INFO] TENSOR [CPU] CREATE - Shape: [3] - SUCCESS
2025-09-28 21:39:32.395 [MEMORY] MEMORY [CPU] ALLOC: 24 bytes - Purpose: Tensor data and gradients
2025-09-28 21:39:32.396 [INFO] Created bias tensor with values [2, 3, 4] [Component: main]
2025-09-28 21:39:32.437 [INFO] TENSOR [CPU] ADD_BIAS - Shape: [4, 3, 512, 512] - SUCCESS
2025-09-28 21:39:32.439 [PERFORMANCE] PERF [CPU] CPU Bias Addition: 41003 μs (4x3x512x512 tensor with 3-channel bias)
2025-09-28 21:39:32.453 [INFO] TENSOR [CPU] CREATE - Shape: [4, 3, 512, 512] - SUCCESS
2025-09-28 21:39:32.454 [MEMORY] MEMORY [CPU] ALLOC: 25165824 bytes - Purpose: Tensor data and gradients
2025-09-28 21:39:32.469 [INFO] TENSOR [CPU] CREATE - Shape: [4, 3, 512, 512] - SUCCESS
2025-09-28 21:39:32.470 [MEMORY] MEMORY [CPU] ALLOC: 25165824 bytes - Purpose: Tensor data and gradients
2025-09-28 21:39:32.472 [INFO] Starting tensor operations test on CPU [Component: testTensorOps]
2025-09-28 21:39:32.478 [INFO] TENSOR [CPU] FILL - Shape: [4, 3, 512, 512] - SUCCESS
2025-09-28 21:39:32.485 [INFO] TENSOR [CPU] FILL - Shape: [4, 3, 512, 512] - SUCCESS
2025-09-28 21:39:32.487 [PERFORMANCE] PERF [CPU] Fill Operations: 12513 μs (t1.fill(1.0f) + t2.fill(2.0f))
2025-09-28 21:39:32.511 [INFO] TENSOR [CPU] ADD_TENSOR - Shape: [4, 3, 512, 512] - SUCCESS
2025-09-28 21:39:32.514 [PERFORMANCE] PERF [CPU] Add Tensor: 25998 μs